# JRE version: OpenJDK Runtime Environment Microsoft-11933218 (21.0.8+9) (build 21.0.8+9-LTS)
# Java VM: OpenJDK 64-Bit Server VM Microsoft-11933218 (21.0.8+9-LTS, mixed mode, sharing, tiered, compressed oops, compressed class ptrs, g1 gc, windows-amd64)
GC Precious Log:
 CardTable entry size: 512
 Card Set container configuration: InlinePtr #cards 4 size 8 Array Of Cards #cards 16 size 48 Howl #buckets 8 coarsen threshold 3686 Howl Bitmap #cards 512 size 80 coarsen threshold 460 Card regions per heap region 1 cards per card region 4096
 CPUs: 16 total, 16 available
 Memory: 16108M
 Large Page Support: Disabled
 NUMA Support: Disabled
 Compressed Oops: Enabled (Zero based)
 Heap Region Size: 2M
 Heap Min Capacity: 8M
 Heap Initial Capacity: 8M
 Heap Max Capacity: 4028M
 Pre-touch: Disabled
 Parallel Workers: 13
 Concurrent Workers: 3
 Concurrent Refinement Workers: 13
 Periodic GC: Disabled
Heap:
 garbage-first heap   total 204800K, used 88760K [0x0000000704400000, 0x0000000800000000)
  region size 2048K, 3 young (6144K), 3 survivors (6144K)
 Metaspace       used 12017K, committed 12160K, reserved 1114112K
  class space    used 1132K, committed 1216K, reserved 1048576K
GC Heap History (20 events):
Event: 0.925 GC heap after
{Heap after GC invocations=15 (full 0):
 garbage-first heap   total 22528K, used 9894K [0x0000000704400000, 0x0000000800000000)
  region size 2048K, 1 young (2048K), 1 survivors (2048K)
 Metaspace       used 8376K, committed 8576K, reserved 1114112K
  class space    used 891K, committed 960K, reserved 1048576K
}
Event: 0.941 GC heap before
{Heap before GC invocations=15 (full 0):
 garbage-first heap   total 22528K, used 13990K [0x0000000704400000, 0x0000000800000000)
  region size 2048K, 3 young (6144K), 1 survivors (2048K)
 Metaspace       used 8377K, committed 8576K, reserved 1114112K
  class space    used 891K, committed 960K, reserved 1048576K
}
Event: 0.944 GC heap after
{Heap after GC invocations=16 (full 0):
 garbage-first heap   total 22528K, used 10613K [0x0000000704400000, 0x0000000800000000)
  region size 2048K, 1 young (2048K), 1 survivors (2048K)
 Metaspace       used 8377K, committed 8576K, reserved 1114112K
  class space    used 891K, committed 960K, reserved 1048576K
}
Event: 0.954 GC heap before
{Heap before GC invocations=17 (full 0):
 garbage-first heap   total 22528K, used 10613K [0x0000000704400000, 0x0000000800000000)
  region size 2048K, 2 young (4096K), 1 survivors (2048K)
 Metaspace       used 8377K, committed 8576K, reserved 1114112K
  class space    used 891K, committed 960K, reserved 1048576K
}
Event: 0.956 GC heap after
{Heap after GC invocations=18 (full 0):
 garbage-first heap   total 36864K, used 10562K [0x0000000704400000, 0x0000000800000000)
  region size 2048K, 1 young (2048K), 1 survivors (2048K)
 Metaspace       used 8377K, committed 8576K, reserved 1114112K
  class space    used 891K, committed 960K, reserved 1048576K
}
Event: 0.958 GC heap before
{Heap before GC invocations=18 (full 0):
 garbage-first heap   total 36864K, used 14658K [0x0000000704400000, 0x0000000800000000)
  region size 2048K, 2 young (4096K), 1 survivors (2048K)
 Metaspace       used 8377K, committed 8576K, reserved 1114112K
  class space    used 891K, committed 960K, reserved 1048576K
}
Event: 0.959 GC heap after
{Heap after GC invocations=19 (full 0):
 garbage-first heap   total 36864K, used 14670K [0x0000000704400000, 0x0000000800000000)
  region size 2048K, 1 young (2048K), 1 survivors (2048K)
 Metaspace       used 8377K, committed 8576K, reserved 1114112K
  class space    used 891K, committed 960K, reserved 1048576K
}
Event: 1.078 GC heap before
{Heap before GC invocations=19 (full 0):
 garbage-first heap   total 36864K, used 33102K [0x0000000704400000, 0x0000000800000000)
  region size 2048K, 8 young (16384K), 1 survivors (2048K)
 Metaspace       used 8377K, committed 8576K, reserved 1114112K
  class space    used 891K, committed 960K, reserved 1048576K
}
Event: 1.081 GC heap after
{Heap after GC invocations=20 (full 0):
 garbage-first heap   total 38912K, used 22346K [0x0000000704400000, 0x0000000800000000)
  region size 2048K, 1 young (2048K), 1 survivors (2048K)
 Metaspace       used 8377K, committed 8576K, reserved 1114112K
  class space    used 891K, committed 960K, reserved 1048576K
}
Event: 1.105 GC heap before
{Heap before GC invocations=20 (full 0):
 garbage-first heap   total 38912K, used 26442K [0x0000000704400000, 0x0000000800000000)
  region size 2048K, 4 young (8192K), 1 survivors (2048K)
 Metaspace       used 8377K, committed 8576K, reserved 1114112K
  class space    used 891K, committed 960K, reserved 1048576K
}
Event: 1.107 GC heap after
{Heap after GC invocations=21 (full 0):
 garbage-first heap   total 38912K, used 22936K [0x0000000704400000, 0x0000000800000000)
  region size 2048K, 1 young (2048K), 1 survivors (2048K)
 Metaspace       used 8377K, committed 8576K, reserved 1114112K
  class space    used 891K, committed 960K, reserved 1048576K
}
Event: 1.122 GC heap before
{Heap before GC invocations=22 (full 0):
 garbage-first heap   total 69632K, used 47512K [0x0000000704400000, 0x0000000800000000)
  region size 2048K, 5 young (10240K), 1 survivors (2048K)
 Metaspace       used 8377K, committed 8576K, reserved 1114112K
  class space    used 891K, committed 960K, reserved 1048576K
}
Event: 1.124 GC heap after
{Heap after GC invocations=23 (full 0):
 garbage-first heap   total 204800K, used 24821K [0x0000000704400000, 0x0000000800000000)
  region size 2048K, 1 young (2048K), 1 survivors (2048K)
 Metaspace       used 8377K, committed 8576K, reserved 1114112K
  class space    used 891K, committed 960K, reserved 1048576K
}
Event: 1.940 GC heap before
{Heap before GC invocations=23 (full 0):
 garbage-first heap   total 204800K, used 133365K [0x0000000704400000, 0x0000000800000000)
  region size 2048K, 49 young (100352K), 1 survivors (2048K)
 Metaspace       used 10121K, committed 10304K, reserved 1114112K
  class space    used 1023K, committed 1088K, reserved 1048576K
}
Event: 1.964 GC heap after
{Heap after GC invocations=24 (full 0):
 garbage-first heap   total 204800K, used 56821K [0x0000000704400000, 0x0000000800000000)
  region size 2048K, 7 young (14336K), 7 survivors (14336K)
 Metaspace       used 10121K, committed 10304K, reserved 1114112K
  class space    used 1023K, committed 1088K, reserved 1048576K
}
Event: 1.970 GC heap before
{Heap before GC invocations=24 (full 0):
 garbage-first heap   total 204800K, used 58869K [0x0000000704400000, 0x0000000800000000)
  region size 2048K, 8 young (16384K), 7 survivors (14336K)
 Metaspace       used 10156K, committed 10304K, reserved 1114112K
  class space    used 1023K, committed 1088K, reserved 1048576K
}
Event: 1.980 GC heap after
{Heap after GC invocations=25 (full 0):
 garbage-first heap   total 204800K, used 60211K [0x0000000704400000, 0x0000000800000000)
  region size 2048K, 1 young (2048K), 1 survivors (2048K)
 Metaspace       used 10156K, committed 10304K, reserved 1114112K
  class space    used 1023K, committed 1088K, reserved 1048576K
}
Event: 2.456 GC heap before
{Heap before GC invocations=25 (full 0):
 garbage-first heap   total 204800K, used 117555K [0x0000000704400000, 0x0000000800000000)
  region size 2048K, 29 young (59392K), 1 survivors (2048K)
 Metaspace       used 11460K, committed 11648K, reserved 1114112K
  class space    used 1131K, committed 1216K, reserved 1048576K
}
Event: 2.472 GC heap after
{Heap after GC invocations=26 (full 0):
 garbage-first heap   total 204800K, used 82531K [0x0000000704400000, 0x0000000800000000)
  region size 2048K, 4 young (8192K), 4 survivors (8192K)
 Metaspace       used 11460K, committed 11648K, reserved 1114112K
  class space    used 1131K, committed 1216K, reserved 1048576K
}
Event: 3.006 GC heap before
{Heap before GC invocations=26 (full 0):
 garbage-first heap   total 204800K, used 133731K [0x0000000704400000, 0x0000000800000000)
  region size 2048K, 29 young (59392K), 4 survivors (8192K)
 Metaspace       used 12017K, committed 12160K, reserved 1114112K
  class space    used 1132K, committed 1216K, reserved 1048576K
}

